[2025-06-01T23:38:39+03:00] [tg-bot-form.php] SUCCESS: Сообщение успешно отправлено в чат #1
[2025-06-01T23:38:39+03:00] [tg-bot-form.php] SUCCESS: Сообщение успешно отправлено в чат #2
[2025-06-01T23:38:40+03:00] [tg-bot-form.php] SUCCESS: Все чаты успешно сохранены: 2/5
[2025-06-01T23:38:40+03:00] [tg-bot-form.php] SUCCESS: Все чаты успешно сохранены: 2/5
[2025-06-01T23:53:22+03:00] [tg-bot-form.php] SUCCESS: Сообщение успешно отправлено в чат #1
[2025-06-01T23:53:22+03:00] [tg-bot-form.php] SUCCESS: Сообщение успешно отправлено в чат #2
[2025-06-01T23:53:23+03:00] [tg-bot-form.php] SUCCESS: Все чаты успешно сохранены: 2/5
[2025-06-01T23:53:23+03:00] [tg-bot-form.php] SUCCESS: Все чаты успешно сохранены: 2/5
[2025-06-08 17:12:41] [tg-bot-form.php] ERROR: Ошибка при отправке сообщения в чат #1: Неизвестная ошибка
[2025-06-08 17:12:41] [tg-bot-form.php] ERROR: Ошибка при отправке сообщения в чат #2: Неизвестная ошибка
[2025-06-08 17:12:41] [tg-bot-form.php] ERROR: Ошибка у чатов: test (1234567890), new name (0987654321). Успешно: 0/5
[2025-06-08 17:12:41] [tg-bot-form.php] ERROR: ❌ Ошибка у чатов: test (1234567890), new name (0987654321). Успешно: 0/5
[2025-06-08 17:12:52] [tg-bot-form.php] ERROR: Ошибка при отправке сообщения в чат #1: Неизвестная ошибка
[2025-06-08 17:12:52] [tg-bot-form.php] ERROR: Ошибка при отправке сообщения в чат #2: Неизвестная ошибка
[2025-06-08 17:12:52] [tg-bot-form.php] ERROR: Ошибка у чатов: test (1234567890), new name (0987654321). Успешно: 0/5
[2025-06-08 17:12:52] [tg-bot-form.php] ERROR: ❌ Ошибка у чатов: test (1234567890), new name (0987654321). Успешно: 0/5
[2025-06-08 17:13:51] [tg-bot-form.php] SUCCESS: Сообщение успешно отправлено в чат #1
[2025-06-08 17:13:51] [tg-bot-form.php] SUCCESS: Сообщение успешно отправлено в чат #2
[2025-06-08 17:13:52] [tg-bot-form.php] SUCCESS: Все чаты успешно сохранены: 2/5
[2025-06-08 17:13:52] [tg-bot-form.php] SUCCESS: Все чаты успешно сохранены: 2/5
[2025-06-08 17:14:33] [tg-bot-form.php] SUCCESS: Сообщение успешно отправлено в чат #1
[2025-06-08 17:14:33] [tg-bot-form.php] SUCCESS: Сообщение успешно отправлено в чат #2
[2025-06-08 17:14:34] [tg-bot-form.php] SUCCESS: Все чаты успешно сохранены: 2/5
[2025-06-08 17:14:34] [tg-bot-form.php] SUCCESS: Все чаты успешно сохранены: 2/5
[2025-06-08 17:16:21] [tg-bot-form.php] SUCCESS: Сообщение успешно отправлено в чат #1
[2025-06-08 17:16:21] [tg-bot-form.php] SUCCESS: Сообщение успешно отправлено в чат #2
[2025-06-08 17:16:22] [tg-bot-form.php] SUCCESS: Все чаты успешно сохранены: 2/5
[2025-06-08 17:16:22] [tg-bot-form.php] SUCCESS: Все чаты успешно сохранены: 2/5
[2025-06-08 22:55:39] [tg-bot-form.php] SUCCESS: Сообщение успешно отправлено в чат #1
[2025-06-08 22:55:39] [tg-bot-form.php] SUCCESS: Сообщение успешно отправлено в чат #2
[2025-06-08 22:55:40] [tg-bot-form.php] SUCCESS: Все чаты успешно сохранены: 2/5
[2025-06-08 22:55:40] [tg-bot-form.php] SUCCESS: Все чаты успешно сохранены: 2/5
[2025-06-08 22:55:54] [tg-bot-form.php] SUCCESS: Сообщение успешно отправлено в чат #1
[2025-06-08 22:55:54] [tg-bot-form.php] ERROR: Валидация не пройдена для чата #2: name='new name', id=''
[2025-06-08 22:55:54] [tg-bot-form.php] ERROR: Ошибка у чатов: new name (). Успешно: 1/5
[2025-06-08 22:55:54] [tg-bot-form.php] ERROR: ❌ Ошибка у чатов: new name (). Успешно: 1/5
[2025-06-08 22:56:56] [tg-bot-form.php] SUCCESS: Сообщение успешно отправлено в чат #1
[2025-06-08 22:56:56] [tg-bot-form.php] SUCCESS: Сообщение успешно отправлено в чат #2
[2025-06-08 22:56:57] [tg-bot-form.php] SUCCESS: Добавлен новый чат #6: -4978904550
[2025-06-08 22:56:57] [tg-bot-form.php] SUCCESS: Все чаты успешно сохранены: 2/5
[2025-06-08 22:56:57] [tg-bot-form.php] SUCCESS: Все чаты успешно сохранены: 2/5
[2025-06-08 22:57:18] [tg-bot-form.php] SUCCESS: Сообщение успешно отправлено в чат #1
[2025-06-08 22:57:18] [tg-bot-form.php] SUCCESS: Сообщение успешно отправлено в чат #3
[2025-06-08 22:57:19] [tg-bot-form.php] SUCCESS: Все чаты успешно сохранены: 2/5
[2025-06-08 22:57:19] [tg-bot-form.php] SUCCESS: Все чаты успешно сохранены: 2/5
[2025-06-08 22:57:41] [tg-bot-form.php] SUCCESS: Сообщение успешно отправлено в чат #1
[2025-06-08 22:57:41] [tg-bot-form.php] ERROR: Ошибка при отправке сообщения в чат #2: Неизвестная ошибка
[2025-06-08 22:57:41] [tg-bot-form.php] SUCCESS: Сообщение успешно отправлено в чат #3
[2025-06-08 22:57:42] [tg-bot-form.php] ERROR: Ошибка у чатов: new name (-4661313523). Успешно: 2/5
[2025-06-08 22:57:42] [tg-bot-form.php] ERROR: ❌ Ошибка у чатов: new name (-4661313523). Успешно: 2/5
[2025-06-08 22:59:08] [tg-bot-form.php] SUCCESS: Сообщение успешно отправлено в чат #1
[2025-06-08 22:59:08] [tg-bot-form.php] ERROR: Ошибка при отправке сообщения в чат #2: Неизвестная ошибка
[2025-06-08 22:59:08] [tg-bot-form.php] SUCCESS: Сообщение успешно отправлено в чат #3
[2025-06-08 22:59:09] [tg-bot-form.php] ERROR: Ошибка у чатов: new name (-4661313523). Успешно: 2/5
[2025-06-08 22:59:09] [tg-bot-form.php] ERROR: ❌ Ошибка у чатов: new name (-4661313523). Успешно: 2/5
[2025-06-08 22:59:21] [tg-bot-form.php] SUCCESS: Сообщение успешно отправлено в чат #1
[2025-06-08 22:59:21] [tg-bot-form.php] ERROR: Ошибка при отправке сообщения в чат #2: Неизвестная ошибка
[2025-06-08 22:59:22] [tg-bot-form.php] SUCCESS: Сообщение успешно отправлено в чат #3
[2025-06-08 22:59:23] [tg-bot-form.php] ERROR: Ошибка у чатов: new name (-4661313523). Успешно: 2/5
[2025-06-08 22:59:23] [tg-bot-form.php] ERROR: ❌ Ошибка у чатов: new name (-4661313523). Успешно: 2/5
[2025-06-08 22:59:28] [tg-bot-form.php] SUCCESS: Сообщение успешно отправлено в чат #1
[2025-06-08 22:59:28] [tg-bot-form.php] ERROR: Ошибка при отправке сообщения в чат #2: Неизвестная ошибка
[2025-06-08 22:59:28] [tg-bot-form.php] SUCCESS: Сообщение успешно отправлено в чат #3
[2025-06-08 22:59:29] [tg-bot-form.php] ERROR: Ошибка у чатов: new name (-4661313523). Успешно: 2/5
[2025-06-08 22:59:29] [tg-bot-form.php] ERROR: ❌ Ошибка у чатов: new name (-4661313523). Успешно: 2/5
[2025-06-08 23:04:58] [tg-bot-form.php] SUCCESS: Сообщение успешно отправлено в чат #1
[2025-06-08 23:04:58] [tg-bot-form.php] ERROR: Ошибка при отправке сообщения в чат #2: Неизвестная ошибка
[2025-06-08 23:04:58] [tg-bot-form.php] SUCCESS: Сообщение успешно отправлено в чат #3
[2025-06-08 23:04:59] [tg-bot-form.php] ERROR: Ошибка у чатов: new name (-4661313523). Успешно: 2/5
[2025-06-08 23:04:59] [tg-bot-form.php] ERROR: ❌ Ошибка у чатов: new name (-4661313523). Успешно: 2/5
[2025-06-08 23:07:32] [tg-bot-form.php] SUCCESS: Сообщение успешно отправлено в чат #1
[2025-06-08 23:07:33] [tg-bot-form.php] ERROR: Ошибка при отправке сообщения в чат #2: Неизвестная ошибка
[2025-06-08 23:07:33] [tg-bot-form.php] SUCCESS: Сообщение успешно отправлено в чат #3
[2025-06-08 23:07:34] [tg-bot-form.php] ERROR: Ошибка у чатов: new name (-4661313523). Успешно: 2/5
[2025-06-08 23:07:34] [tg-bot-form.php] ERROR: ❌ Ошибка у чатов: new name (-4661313523). Успешно: 2/5
[2025-06-08 23:19:27] [tg-bot-form.php] SUCCESS: Сообщение успешно отправлено в чат #1
[2025-06-08 23:19:27] [tg-bot-form.php] ERROR: Ошибка при отправке сообщения в чат #2: Forbidden: the group chat was deleted
[2025-06-08 23:19:27] [tg-bot-form.php] SUCCESS: Сообщение успешно отправлено в чат #3
[2025-06-08 23:20:20] [tg-bot-form.php] SUCCESS: Сообщение успешно отправлено в чат #1
[2025-06-08 23:20:21] [tg-bot-form.php] ERROR: Ошибка при отправке сообщения в чат #2: Forbidden: the group chat was deleted
[2025-06-08 23:20:21] [tg-bot-form.php] SUCCESS: Сообщение успешно отправлено в чат #3
[2025-06-08 23:24:27] [tg-bot-form.php] SUCCESS: Сообщение успешно отправлено в чат #1
[2025-06-08 23:24:27] [tg-bot-form.php] ERROR: Ошибка при отправке сообщения в чат #2: Forbidden: the group chat was deleted
[2025-06-08 23:24:27] [tg-bot-form.php] SUCCESS: Сообщение успешно отправлено в чат #3
[2025-06-08 23:24:28] [tg-bot-form.php] SUCCESS: ✅ Успешно отправлено в чат -4660972657 (test)
[2025-06-08 23:24:28] [tg-bot-form.php] SUCCESS: ✅ Успешно отправлено в чат -4978904550 (test2)
[2025-06-08 23:24:28] [tg-bot-form.php] ERROR: Ошибка у чатов: new name (-4661313523). Успешно: 2/5
[2025-06-08 23:24:28] [tg-bot-form.php] ERROR: ❌ Ошибка у чатов: new name (-4661313523). Успешно: 2/5
[2025-06-08 23:28:07] [tg-bot-form.php] SUCCESS: Сообщение успешно отправлено в чат #1
[2025-06-08 23:28:07] [tg-bot-form.php] ERROR: Ошибка при отправке сообщения в чат #2: Forbidden: the group chat was deleted
[2025-06-08 23:28:07] [tg-bot-form.php] SUCCESS: Сообщение успешно отправлено в чат #3
[2025-06-08 23:28:08] [tg-bot-form.php] SUCCESS: ✅ Успешно отправлено в чат -4660972657 (test)
[2025-06-08 23:28:08] [tg-bot-form.php] SUCCESS: ✅ Успешно отправлено в чат -4978904550 (test2)
[2025-06-08 23:28:08] [tg-bot-form.php] ERROR: Ошибка у чатов: new name (-4661313523). Успешно: 2/5
[2025-06-08 23:28:08] [tg-bot-form.php] ERROR: ❌ Ошибка у чатов: new name (-4661313523). Успешно: 2/5
[2025-06-08 23:31:40] [functions.php] DEBUG: Response: {"ok":true,"result":{"message_id":239,"from":{"id":8039111229,"is_bot":true,"first_name":"Statement Studio \u0424\u0438\u0434\u0431\u0435\u043a","username":"statement_feedback_bot"},"chat":{"id":-4660972657,"title":"test","type":"group","all_members_are_administrators":true,"accepted_gift_types":{"unlimited_gifts":false,"limited_gifts":false,"unique_gifts":false,"premium_subscription":false}},"date":1749414700,"text":"\u2705 \u0422\u0435\u0441\u0442\u043e\u0432\u043e\u0435 \u0441\u043e\u043e\u0431\u0449\u0435\u043d\u0438\u0435 \u0434\u043b\u044f \u043f\u0440\u043e\u0432\u0435\u0440\u043a\u0438 \u0441\u0432\u044f\u0437\u0438 \u0441 \u0447\u0430\u0442\u043e\u043c #1"}}
[2025-06-08 23:31:40] [tg-bot-form.php] SUCCESS: Сообщение успешно отправлено в чат #1
[2025-06-08 23:31:40] [functions.php] DEBUG: Response: {"ok":false,"error_code":403,"description":"Forbidden: the group chat was deleted"}
[2025-06-08 23:31:40] [tg-bot-form.php] ERROR: Ошибка при отправке сообщения в чат #2: Forbidden: the group chat was deleted
[2025-06-08 23:31:40] [functions.php] DEBUG: Response: {"ok":true,"result":{"message_id":240,"from":{"id":8039111229,"is_bot":true,"first_name":"Statement Studio \u0424\u0438\u0434\u0431\u0435\u043a","username":"statement_feedback_bot"},"chat":{"id":-4978904550,"title":"test2","type":"group","all_members_are_administrators":true,"accepted_gift_types":{"unlimited_gifts":false,"limited_gifts":false,"unique_gifts":false,"premium_subscription":false}},"date":1749414700,"text":"\u2705 \u0422\u0435\u0441\u0442\u043e\u0432\u043e\u0435 \u0441\u043e\u043e\u0431\u0449\u0435\u043d\u0438\u0435 \u0434\u043b\u044f \u043f\u0440\u043e\u0432\u0435\u0440\u043a\u0438 \u0441\u0432\u044f\u0437\u0438 \u0441 \u0447\u0430\u0442\u043e\u043c #3"}}
[2025-06-08 23:31:40] [tg-bot-form.php] SUCCESS: Сообщение успешно отправлено в чат #3
[2025-06-08 23:31:41] [functions.php] DEBUG: Response: {"ok":true,"result":{"message_id":241,"from":{"id":8039111229,"is_bot":true,"first_name":"Statement Studio \u0424\u0438\u0434\u0431\u0435\u043a","username":"statement_feedback_bot"},"chat":{"id":-4660972657,"title":"test","type":"group","all_members_are_administrators":true,"accepted_gift_types":{"unlimited_gifts":false,"limited_gifts":false,"unique_gifts":false,"premium_subscription":false}},"date":1749414700,"text":"\u2705 \u041d\u0430\u0441\u0442\u0440\u043e\u0439\u043a\u0438 \u0443\u0441\u043f\u0435\u0448\u043d\u043e \u043e\u0431\u043d\u043e\u0432\u043b\u0435\u043d\u044b. \u041d\u043e\u043c\u0435\u0440 \u0447\u0430\u0442\u0430 \u0432 \u0441\u043f\u0438\u0441\u043a\u0435: 1/5"}}
[2025-06-08 23:31:41] [tg-bot-form.php] SUCCESS: ✅ Успешно отправлено в чат -4660972657 (test)
[2025-06-08 23:31:41] [functions.php] DEBUG: Response: {"ok":true,"result":{"message_id":242,"from":{"id":8039111229,"is_bot":true,"first_name":"Statement Studio \u0424\u0438\u0434\u0431\u0435\u043a","username":"statement_feedback_bot"},"chat":{"id":-4978904550,"title":"test2","type":"group","all_members_are_administrators":true,"accepted_gift_types":{"unlimited_gifts":false,"limited_gifts":false,"unique_gifts":false,"premium_subscription":false}},"date":1749414701,"text":"\u2705 \u041d\u0430\u0441\u0442\u0440\u043e\u0439\u043a\u0438 \u0443\u0441\u043f\u0435\u0448\u043d\u043e \u043e\u0431\u043d\u043e\u0432\u043b\u0435\u043d\u044b. \u041d\u043e\u043c\u0435\u0440 \u0447\u0430\u0442\u0430 \u0432 \u0441\u043f\u0438\u0441\u043a\u0435: 2/5"}}
[2025-06-08 23:31:41] [tg-bot-form.php] SUCCESS: ✅ Успешно отправлено в чат -4978904550 (test2)
[2025-06-08 23:31:41] [tg-bot-form.php] ERROR: Ошибка у чатов: new name (-4661313523). Успешно: 2/5
[2025-06-08 23:31:41] [tg-bot-form.php] ERROR: ❌ Ошибка у чатов: new name (-4661313523). Успешно: 2/5
[2025-06-08 23:33:56] [functions.php] DEBUG: HttpCode: 200
[2025-06-08 23:33:56] [tg-bot-form.php] SUCCESS: Сообщение успешно отправлено в чат #1
[2025-06-08 23:33:57] [functions.php] DEBUG: HttpCode: 403
[2025-06-08 23:33:57] [tg-bot-form.php] ERROR: Ошибка при отправке сообщения в чат #2: Forbidden: the group chat was deleted
[2025-06-08 23:33:57] [functions.php] DEBUG: HttpCode: 200
[2025-06-08 23:33:57] [tg-bot-form.php] SUCCESS: Сообщение успешно отправлено в чат #3
[2025-06-08 23:33:57] [functions.php] DEBUG: HttpCode: 200
[2025-06-08 23:33:57] [tg-bot-form.php] SUCCESS: ✅ Успешно отправлено в чат -4660972657 (test)
[2025-06-08 23:33:58] [functions.php] DEBUG: HttpCode: 200
[2025-06-08 23:33:58] [tg-bot-form.php] SUCCESS: ✅ Успешно отправлено в чат -4978904550 (test2)
[2025-06-08 23:33:58] [tg-bot-form.php] ERROR: Ошибка у чатов: new name (-4661313523). Успешно: 2/5
[2025-06-08 23:33:58] [tg-bot-form.php] ERROR: ❌ Ошибка у чатов: new name (-4661313523). Успешно: 2/5
[2025-06-08 23:35:57] [functions.php] DEBUG: Result: Array
[2025-06-08 23:35:57] [tg-bot-form.php] SUCCESS: Сообщение успешно отправлено в чат #1
[2025-06-08 23:35:57] [functions.php] DEBUG: Result: Array
[2025-06-08 23:35:57] [tg-bot-form.php] ERROR: Ошибка при отправке сообщения в чат #2: Forbidden: the group chat was deleted
[2025-06-08 23:35:57] [functions.php] DEBUG: Result: Array
[2025-06-08 23:35:57] [tg-bot-form.php] SUCCESS: Сообщение успешно отправлено в чат #3
[2025-06-08 23:35:58] [functions.php] DEBUG: Result: Array
[2025-06-08 23:35:58] [tg-bot-form.php] SUCCESS: ✅ Успешно отправлено в чат -4660972657 (test)
[2025-06-08 23:35:58] [functions.php] DEBUG: Result: Array
[2025-06-08 23:35:58] [tg-bot-form.php] SUCCESS: ✅ Успешно отправлено в чат -4978904550 (test2)
[2025-06-08 23:35:58] [tg-bot-form.php] ERROR: Ошибка у чатов: new name (-4661313523). Успешно: 2/5
[2025-06-08 23:35:58] [tg-bot-form.php] ERROR: ❌ Ошибка у чатов: new name (-4661313523). Успешно: 2/5
[2025-06-08 23:37:04] [functions.php] DEBUG: Result: 
[2025-06-08 23:37:04] [tg-bot-form.php] SUCCESS: Сообщение успешно отправлено в чат #1
[2025-06-08 23:37:04] [functions.php] DEBUG: Result: 403
[2025-06-08 23:37:04] [tg-bot-form.php] ERROR: Ошибка при отправке сообщения в чат #2: Forbidden: the group chat was deleted
[2025-06-08 23:37:05] [functions.php] DEBUG: Result: 
[2025-06-08 23:37:05] [tg-bot-form.php] SUCCESS: Сообщение успешно отправлено в чат #3
[2025-06-08 23:37:05] [functions.php] DEBUG: Result: 
[2025-06-08 23:37:05] [tg-bot-form.php] SUCCESS: ✅ Успешно отправлено в чат -4660972657 (test)
[2025-06-08 23:37:05] [functions.php] DEBUG: Result: 
[2025-06-08 23:37:05] [tg-bot-form.php] SUCCESS: ✅ Успешно отправлено в чат -4978904550 (test2)
[2025-06-08 23:37:05] [tg-bot-form.php] ERROR: Ошибка у чатов: new name (-4661313523). Успешно: 2/5
[2025-06-08 23:37:05] [tg-bot-form.php] ERROR: ❌ Ошибка у чатов: new name (-4661313523). Успешно: 2/5
[2025-06-08 23:37:50] [functions.php] DEBUG: Result: 200
[2025-06-08 23:37:50] [tg-bot-form.php] SUCCESS: Сообщение успешно отправлено в чат #1
[2025-06-08 23:37:50] [functions.php] DEBUG: Result: 403
[2025-06-08 23:37:50] [tg-bot-form.php] ERROR: Ошибка при отправке сообщения в чат #2: Forbidden: the group chat was deleted
[2025-06-08 23:37:50] [functions.php] DEBUG: Result: 200
[2025-06-08 23:37:50] [tg-bot-form.php] SUCCESS: Сообщение успешно отправлено в чат #3
[2025-06-08 23:37:51] [functions.php] DEBUG: Result: 200
[2025-06-08 23:37:51] [tg-bot-form.php] SUCCESS: ✅ Успешно отправлено в чат -4660972657 (test)
[2025-06-08 23:37:51] [functions.php] DEBUG: Result: 200
[2025-06-08 23:37:51] [tg-bot-form.php] SUCCESS: ✅ Успешно отправлено в чат -4978904550 (test2)
[2025-06-08 23:37:51] [tg-bot-form.php] ERROR: Ошибка у чатов: new name (-4661313523). Успешно: 2/5
[2025-06-08 23:37:51] [tg-bot-form.php] ERROR: ❌ Ошибка у чатов: new name (-4661313523). Успешно: 2/5
[2025-06-08 23:47:57] [tg-bot-form.php] SUCCESS: Сообщение успешно отправлено в чат #1
[2025-06-08 23:47:57] [functions.php] DEBUG: Result for chatId: -4661313523 error_code: 403
[2025-06-08 23:47:57] [tg-bot-form.php] ERROR: Ошибка при отправке сообщения в чат #2: Forbidden: the group chat was deleted
[2025-06-08 23:47:58] [tg-bot-form.php] SUCCESS: Сообщение успешно отправлено в чат #3
[2025-06-08 23:47:58] [tg-bot-form.php] SUCCESS: ✅ Успешно отправлено в чат -4660972657 (test)
[2025-06-08 23:47:59] [tg-bot-form.php] SUCCESS: ✅ Успешно отправлено в чат -4978904550 (test2)
[2025-06-08 23:47:59] [tg-bot-form.php] ERROR: Ошибка у чатов: new name (-4661313523). Успешно: 2/5
[2025-06-08 23:47:59] [tg-bot-form.php] ERROR: ❌ Ошибка у чатов: new name (-4661313523). Успешно: 2/5
[2025-06-08 23:50:36] [tg-bot-form.php] SUCCESS: Сообщение успешно отправлено в чат #1
[2025-06-08 23:50:36] [tg-bot-form.php] ERROR: Ошибка при отправке сообщения в чат #2: Forbidden: the group chat was deleted
[2025-06-08 23:50:37] [tg-bot-form.php] SUCCESS: Сообщение успешно отправлено в чат #3
[2025-06-08 23:50:37] [tg-bot-form.php] SUCCESS: ✅ Успешно отправлено в чат -4660972657 (test)
[2025-06-08 23:50:37] [tg-bot-form.php] SUCCESS: ✅ Успешно отправлено в чат -4978904550 (test2)
[2025-06-08 23:50:37] [tg-bot-form.php] ERROR: Ошибка у чатов: new name (-4661313523). Успешно: 2/5
[2025-06-08 23:50:37] [tg-bot-form.php] ERROR: ❌ Ошибка у чатов: new name (-4661313523). Успешно: 2/5
[2025-06-08 23:51:40] [tg-bot-form.php] SUCCESS: Сообщение успешно отправлено в чат #1
[2025-06-08 23:51:41] [tg-bot-form.php] ERROR: Ошибка при отправке сообщения в чат #2: Forbidden: the group chat was deleted
[2025-06-08 23:51:41] [tg-bot-form.php] SUCCESS: Сообщение успешно отправлено в чат #3
[2025-06-08 23:51:41] [tg-bot-form.php] DEBUG: Response for chatId: -4660972657 error_code:  http_code: 200
[2025-06-08 23:51:41] [tg-bot-form.php] SUCCESS: ✅ Успешно отправлено в чат -4660972657 (test)
[2025-06-08 23:51:42] [tg-bot-form.php] DEBUG: Response for chatId: -4978904550 error_code:  http_code: 200
[2025-06-08 23:51:42] [tg-bot-form.php] SUCCESS: ✅ Успешно отправлено в чат -4978904550 (test2)
[2025-06-08 23:51:42] [tg-bot-form.php] ERROR: Ошибка у чатов: new name (-4661313523). Успешно: 2/5
[2025-06-08 23:51:42] [tg-bot-form.php] ERROR: ❌ Ошибка у чатов: new name (-4661313523). Успешно: 2/5
[2025-06-08 23:57:39] [tg-bot-form.php] DEBUG: Response for chatId: -4660972657 http_code: 200
[2025-06-08 23:57:39] [tg-bot-form.php] SUCCESS: Сообщение успешно отправлено в чат #1
[2025-06-08 23:57:39] [tg-bot-form.php] DEBUG: Response for chatId: -4661313523 http_code: 403
[2025-06-08 23:57:39] [tg-bot-form.php] DEBUG: Response for chatId: -4661313523 error_code: 403 http_code: 403
[2025-06-08 23:57:39] [tg-bot-form.php] ERROR: ⚠️ Ошибка 403 при отправке в чат -4661313523 (new name): Forbidden: the group chat was deleted. Увеличен ErrorCount.
[2025-06-08 23:57:39] [tg-bot-form.php] DEBUG: Response for chatId: -4978904550 http_code: 200
[2025-06-08 23:57:39] [tg-bot-form.php] SUCCESS: Сообщение успешно отправлено в чат #3
[2025-06-08 23:57:40] [tg-bot-form.php] SUCCESS: ✅ Успешно отправлено в чат -4660972657 (test)
[2025-06-08 23:57:40] [tg-bot-form.php] SUCCESS: ✅ Успешно отправлено в чат -4978904550 (test2)
[2025-06-08 23:57:40] [tg-bot-form.php] ERROR: Ошибка у чатов: new name (-4661313523): Forbidden: the group chat was deleted. Успешно: 2/5
[2025-06-08 23:57:40] [tg-bot-form.php] ERROR: ❌ Ошибка у чатов: new name (-4661313523): Forbidden: the group chat was deleted. Успешно: 2/5
[2025-06-09 00:01:13] [tg-bot-form.php] DEBUG: Response for chatId: -4660972657 http_code: 200
[2025-06-09 00:01:13] [tg-bot-form.php] SUCCESS: Сообщение успешно отправлено в чат #1
[2025-06-09 00:01:14] [tg-bot-form.php] DEBUG: Response for chatId: -4661313523 http_code: 403
[2025-06-09 00:01:14] [tg-bot-form.php] DEBUG: Response for chatId: -4661313523 error_code: 403 http_code: 403
[2025-06-09 00:01:14] [tg-bot-form.php] ERROR: ⚠️ Ошибка 403 при отправке в чат -4661313523 (new name): Forbidden: the group chat was deleted. Увеличен ErrorCount.
[2025-06-09 00:01:14] [tg-bot-form.php] DEBUG: Response for chatId: -4978904550 http_code: 200
[2025-06-09 00:01:14] [tg-bot-form.php] SUCCESS: Сообщение успешно отправлено в чат #3
[2025-06-09 00:01:14] [tg-bot-form.php] SUCCESS: ✅ Успешно отправлено в чат -4660972657 (test)
[2025-06-09 00:01:15] [tg-bot-form.php] SUCCESS: ✅ Успешно отправлено в чат -4978904550 (test2)
[2025-06-09 00:01:15] [tg-bot-form.php] ERROR: Ошибка у чатов: new name (-4661313523): Forbidden: the group chat was deleted. Успешно: 2/5
[2025-06-09 00:01:15] [tg-bot-form.php] ERROR: ❌ Ошибка у чатов: new name (-4661313523): Forbidden: the group chat was deleted. Успешно: 2/5
[2025-06-09 00:01:29] [tg-bot-form.php] DEBUG: Response for chatId: -4660972657 http_code: 200
[2025-06-09 00:01:29] [tg-bot-form.php] SUCCESS: Сообщение успешно отправлено в чат #1
[2025-06-09 00:01:30] [tg-bot-form.php] DEBUG: Response for chatId: -4661313523 http_code: 403
[2025-06-09 00:01:30] [tg-bot-form.php] DEBUG: Response for chatId: -4661313523 error_code: 403 http_code: 403
[2025-06-09 00:01:30] [tg-bot-form.php] ERROR: ⚠️ Ошибка 403 при отправке в чат -4661313523 (new name): Forbidden: the group chat was deleted. Увеличен ErrorCount.
[2025-06-09 00:01:30] [tg-bot-form.php] DEBUG: Response for chatId: -4978904550 http_code: 200
[2025-06-09 00:01:30] [tg-bot-form.php] SUCCESS: Сообщение успешно отправлено в чат #3
[2025-06-09 00:01:30] [tg-bot-form.php] SUCCESS: ✅ Успешно отправлено в чат -4660972657 (test)
[2025-06-09 00:01:31] [tg-bot-form.php] SUCCESS: ✅ Успешно отправлено в чат -4978904550 (test2)
[2025-06-09 00:01:31] [tg-bot-form.php] ERROR: Ошибка у чатов: new name (-4661313523): Forbidden: the group chat was deleted. Успешно: 2/5
[2025-06-09 00:01:31] [tg-bot-form.php] ERROR: ❌ Ошибка у чатов: new name (-4661313523): Forbidden: the group chat was deleted. Успешно: 2/5
[2025-06-09 00:01:38] [tg-bot-form.php] DEBUG: Response for chatId: -4660972657 http_code: 200
[2025-06-09 00:01:38] [tg-bot-form.php] SUCCESS: Сообщение успешно отправлено в чат #1
[2025-06-09 00:01:39] [tg-bot-form.php] DEBUG: Response for chatId: -4661313523 http_code: 403
[2025-06-09 00:01:39] [tg-bot-form.php] DEBUG: Response for chatId: -4661313523 error_code: 403 http_code: 403
[2025-06-09 00:01:39] [tg-bot-form.php] ERROR: ⚠️ Ошибка 403 при отправке в чат -4661313523 (new name): Forbidden: the group chat was deleted. Увеличен ErrorCount.
[2025-06-09 00:01:39] [tg-bot-form.php] ERROR: ❌ Чат -4661313523 (new name) удалён из базы после более 3 ошибок.
[2025-06-09 00:01:39] [tg-bot-form.php] DEBUG: Response for chatId: -4978904550 http_code: 200
[2025-06-09 00:01:39] [tg-bot-form.php] SUCCESS: Сообщение успешно отправлено в чат #3
[2025-06-09 00:01:39] [tg-bot-form.php] SUCCESS: ✅ Успешно отправлено в чат -4660972657 (test)
[2025-06-09 00:01:40] [tg-bot-form.php] SUCCESS: ✅ Успешно отправлено в чат -4978904550 (test2)
[2025-06-09 00:01:40] [tg-bot-form.php] ERROR: Ошибка у чатов: new name (-4661313523): Forbidden: the group chat was deleted. Успешно: 2/5
[2025-06-09 00:01:40] [tg-bot-form.php] ERROR: ❌ Ошибка у чатов: new name (-4661313523): Forbidden: the group chat was deleted. Успешно: 2/5
[2025-06-09 00:01:50] [tg-bot-form.php] DEBUG: Response for chatId: -4660972657 http_code: 200
[2025-06-09 00:01:50] [tg-bot-form.php] SUCCESS: Сообщение успешно отправлено в чат #1
[2025-06-09 00:01:51] [tg-bot-form.php] DEBUG: Response for chatId: -4978904550 http_code: 200
[2025-06-09 00:01:51] [tg-bot-form.php] SUCCESS: Сообщение успешно отправлено в чат #2
[2025-06-09 00:01:51] [tg-bot-form.php] SUCCESS: ✅ Успешно отправлено в чат -4660972657 (test)
[2025-06-09 00:01:51] [tg-bot-form.php] SUCCESS: ✅ Успешно отправлено в чат -4978904550 (test2)
[2025-06-09 00:01:51] [tg-bot-form.php] SUCCESS: Все чаты успешно сохранены: 2/5
[2025-06-09 00:01:51] [tg-bot-form.php] SUCCESS: Все чаты успешно сохранены: 2/5
